This is pdfTeX, Version 3.14159265-2.6-1.40.20 (TeX Live 2019/Debian) (preloaded format=pdflatex 2020.11.5)  18 DEC 2020 00:00
entering extended mode
 restricted \write18 enabled.
 %&-line parsing enabled.
**specyfikacja_implementacyjna/SI.tex
(/usr/share/texlive/texmf-dist/tex/latex/tools/q.tex
! Interruption.
<to be read again> 
                   \begingroup 
l.1 
    %%
? \
Type <return> to proceed, S to scroll future error messages,
R to run without stopping, Q to run quietly,
I to insert something, E to edit your file,
H for help, X to quit.
? 
LaTeX2e <2020-02-02> patch level 2
L3 programming layer <2020-02-14> File ignored
)
! Emergency stop.
<*> specyfikacja_implementacyjna/SI.tex
                                       
*** (job aborted, no legal \end found)

 
Here is how much of TeX's memory you used:
 19 strings out of 483148
 532 string characters out of 5965416
 231657 words of memory out of 5000000
 15136 multiletter control sequences out of 15000+600000
 532338 words of font info for 24 fonts, out of 8000000 for 9000
 34 hyphenation exceptions out of 8191
 12i,0n,15p,115b,8s stack positions out of 5000i,500n,10000p,200000b,80000s
!  ==> Fatal error occurred, no output PDF file produced!
